<?xml version="1.0" encoding="UTF-8"?>
<testsuite xmlns:xsi="http://www.w3.org/2001/XMLSchema-instance" xsi:noNamespaceSchemaLocation="https://maven.apache.org/surefire/maven-surefire-plugin/xsd/surefire-test-report.xsd" name="VendingMachineTest" time="0.001" tests="12" errors="0" skipped="0" failures="0">
  <properties>
    <property name="gopherProxySet" value="false"/>
    <property name="awt.toolkit" value="sun.lwawt.macosx.LWCToolkit"/>
    <property name="file.encoding.pkg" value="sun.io"/>
    <property name="java.specification.version" value="1.8"/>
    <property name="sun.cpu.isalist" value=""/>
    <property name="sun.jnu.encoding" value="UTF-8"/>
    <property name="java.class.path" value="/Users/kumarbekchaldanbaev/Downloads/vending-machine/target/test-classes:/Users/kumarbekchaldanbaev/Downloads/vending-machine/target/classes:/Users/kumarbekchaldanbaev/.m2/repository/junit/junit/4.11/junit-4.11.jar:/Users/kumarbekchaldanbaev/.m2/repository/org/hamcrest/hamcrest-core/1.3/hamcrest-core-1.3.jar:/Users/kumarbekchaldanbaev/.m2/repository/org/mockito/mockito-all/1.10.19/mockito-all-1.10.19.jar:/Users/kumarbekchaldanbaev/.m2/repository/org/powermock/powermock-api-mockito/1.6.3/powermock-api-mockito-1.6.3.jar:/Users/kumarbekchaldanbaev/.m2/repository/org/powermock/powermock-api-support/1.6.3/powermock-api-support-1.6.3.jar:/Users/kumarbekchaldanbaev/.m2/repository/org/powermock/powermock-core/1.6.3/powermock-core-1.6.3.jar:/Users/kumarbekchaldanbaev/.m2/repository/org/javassist/javassist/3.20.0-GA/javassist-3.20.0-GA.jar:/Users/kumarbekchaldanbaev/.m2/repository/org/powermock/powermock-reflect/1.6.3/powermock-reflect-1.6.3.jar:/Users/kumarbekchaldanbaev/.m2/repository/org/objenesis/objenesis/2.1/objenesis-2.1.jar:/Users/kumarbekchaldanbaev/.m2/repository/org/powermock/powermock-module-junit4/1.6.3/powermock-module-junit4-1.6.3.jar:/Users/kumarbekchaldanbaev/.m2/repository/org/powermock/powermock-module-junit4-common/1.6.3/powermock-module-junit4-common-1.6.3.jar:/Users/kumarbekchaldanbaev/.m2/repository/io/cucumber/cucumber-junit/4.2.0/cucumber-junit-4.2.0.jar:/Users/kumarbekchaldanbaev/.m2/repository/io/cucumber/cucumber-core/4.2.0/cucumber-core-4.2.0.jar:/Users/kumarbekchaldanbaev/.m2/repository/io/cucumber/cucumber-html/0.2.7/cucumber-html-0.2.7.jar:/Users/kumarbekchaldanbaev/.m2/repository/io/cucumber/gherkin/5.1.0/gherkin-5.1.0.jar:/Users/kumarbekchaldanbaev/.m2/repository/io/cucumber/tag-expressions/1.1.1/tag-expressions-1.1.1.jar:/Users/kumarbekchaldanbaev/.m2/repository/io/cucumber/cucumber-expressions/6.2.0/cucumber-expressions-6.2.0.jar:/Users/kumarbekchaldanbaev/.m2/repository/io/cucumber/datatable/1.1.7/datatable-1.1.7.jar:/Users/kumarbekchaldanbaev/.m2/repository/io/cucumber/datatable-dependencies/1.1.7/datatable-dependencies-1.1.7.jar:/Users/kumarbekchaldanbaev/.m2/repository/io/cucumber/cucumber-java/4.2.0/cucumber-java-4.2.0.jar:/Users/kumarbekchaldanbaev/.m2/repository/info/cukes/cucumber-java/1.2.5/cucumber-java-1.2.5.jar:/Users/kumarbekchaldanbaev/.m2/repository/info/cukes/cucumber-core/1.2.5/cucumber-core-1.2.5.jar:/Users/kumarbekchaldanbaev/.m2/repository/info/cukes/cucumber-html/0.2.3/cucumber-html-0.2.3.jar:/Users/kumarbekchaldanbaev/.m2/repository/info/cukes/cucumber-jvm-deps/1.0.5/cucumber-jvm-deps-1.0.5.jar:/Users/kumarbekchaldanbaev/.m2/repository/info/cukes/gherkin/2.12.2/gherkin-2.12.2.jar:"/>
    <property name="java.vm.vendor" value="Oracle Corporation"/>
    <property name="sun.arch.data.model" value="64"/>
    <property name="java.vendor.url" value="http://java.oracle.com/"/>
    <property name="user.timezone" value=""/>
    <property name="java.vm.specification.version" value="1.8"/>
    <property name="os.name" value="Mac OS X"/>
    <property name="user.country" value="US"/>
    <property name="sun.java.launcher" value="SUN_STANDARD"/>
    <property name="sun.boot.library.path" value="/Library/Java/JavaVirtualMachines/jdk1.8.0_201.jdk/Contents/Home/jre/lib"/>
    <property name="sun.java.command" value="/Users/kumarbekchaldanbaev/Downloads/vending-machine/target/surefire/surefirebooter4394297209225119863.jar /Users/kumarbekchaldanbaev/Downloads/vending-machine/target/surefire 2019-08-26T01-48-46_661-jvmRun1 surefire1068025118134366899tmp surefire_01608194144166746379tmp"/>
    <property name="http.nonProxyHosts" value="local|*.local|169.254/16|*.169.254/16"/>
    <property name="surefire.test.class.path" value="/Users/kumarbekchaldanbaev/Downloads/vending-machine/target/test-classes:/Users/kumarbekchaldanbaev/Downloads/vending-machine/target/classes:/Users/kumarbekchaldanbaev/.m2/repository/junit/junit/4.11/junit-4.11.jar:/Users/kumarbekchaldanbaev/.m2/repository/org/hamcrest/hamcrest-core/1.3/hamcrest-core-1.3.jar:/Users/kumarbekchaldanbaev/.m2/repository/org/mockito/mockito-all/1.10.19/mockito-all-1.10.19.jar:/Users/kumarbekchaldanbaev/.m2/repository/org/powermock/powermock-api-mockito/1.6.3/powermock-api-mockito-1.6.3.jar:/Users/kumarbekchaldanbaev/.m2/repository/org/powermock/powermock-api-support/1.6.3/powermock-api-support-1.6.3.jar:/Users/kumarbekchaldanbaev/.m2/repository/org/powermock/powermock-core/1.6.3/powermock-core-1.6.3.jar:/Users/kumarbekchaldanbaev/.m2/repository/org/javassist/javassist/3.20.0-GA/javassist-3.20.0-GA.jar:/Users/kumarbekchaldanbaev/.m2/repository/org/powermock/powermock-reflect/1.6.3/powermock-reflect-1.6.3.jar:/Users/kumarbekchaldanbaev/.m2/repository/org/objenesis/objenesis/2.1/objenesis-2.1.jar:/Users/kumarbekchaldanbaev/.m2/repository/org/powermock/powermock-module-junit4/1.6.3/powermock-module-junit4-1.6.3.jar:/Users/kumarbekchaldanbaev/.m2/repository/org/powermock/powermock-module-junit4-common/1.6.3/powermock-module-junit4-common-1.6.3.jar:/Users/kumarbekchaldanbaev/.m2/repository/io/cucumber/cucumber-junit/4.2.0/cucumber-junit-4.2.0.jar:/Users/kumarbekchaldanbaev/.m2/repository/io/cucumber/cucumber-core/4.2.0/cucumber-core-4.2.0.jar:/Users/kumarbekchaldanbaev/.m2/repository/io/cucumber/cucumber-html/0.2.7/cucumber-html-0.2.7.jar:/Users/kumarbekchaldanbaev/.m2/repository/io/cucumber/gherkin/5.1.0/gherkin-5.1.0.jar:/Users/kumarbekchaldanbaev/.m2/repository/io/cucumber/tag-expressions/1.1.1/tag-expressions-1.1.1.jar:/Users/kumarbekchaldanbaev/.m2/repository/io/cucumber/cucumber-expressions/6.2.0/cucumber-expressions-6.2.0.jar:/Users/kumarbekchaldanbaev/.m2/repository/io/cucumber/datatable/1.1.7/datatable-1.1.7.jar:/Users/kumarbekchaldanbaev/.m2/repository/io/cucumber/datatable-dependencies/1.1.7/datatable-dependencies-1.1.7.jar:/Users/kumarbekchaldanbaev/.m2/repository/io/cucumber/cucumber-java/4.2.0/cucumber-java-4.2.0.jar:/Users/kumarbekchaldanbaev/.m2/repository/info/cukes/cucumber-java/1.2.5/cucumber-java-1.2.5.jar:/Users/kumarbekchaldanbaev/.m2/repository/info/cukes/cucumber-core/1.2.5/cucumber-core-1.2.5.jar:/Users/kumarbekchaldanbaev/.m2/repository/info/cukes/cucumber-html/0.2.3/cucumber-html-0.2.3.jar:/Users/kumarbekchaldanbaev/.m2/repository/info/cukes/cucumber-jvm-deps/1.0.5/cucumber-jvm-deps-1.0.5.jar:/Users/kumarbekchaldanbaev/.m2/repository/info/cukes/gherkin/2.12.2/gherkin-2.12.2.jar:"/>
    <property name="sun.cpu.endian" value="little"/>
    <property name="user.home" value="/Users/kumarbekchaldanbaev"/>
    <property name="user.language" value="en"/>
    <property name="java.specification.vendor" value="Oracle Corporation"/>
    <property name="idea.version2019.2.1" value="true"/>
    <property name="java.home" value="/Library/Java/JavaVirtualMachines/jdk1.8.0_201.jdk/Contents/Home/jre"/>
    <property name="basedir" value="/Users/kumarbekchaldanbaev/Downloads/vending-machine"/>
    <property name="file.separator" value="/"/>
    <property name="line.separator" value="&#10;"/>
    <property name="java.vm.specification.vendor" value="Oracle Corporation"/>
    <property name="java.specification.name" value="Java Platform API Specification"/>
    <property name="java.awt.graphicsenv" value="sun.awt.CGraphicsEnvironment"/>
    <property name="surefire.real.class.path" value="/Users/kumarbekchaldanbaev/Downloads/vending-machine/target/surefire/surefirebooter4394297209225119863.jar"/>
    <property name="sun.boot.class.path" value="/Library/Java/JavaVirtualMachines/jdk1.8.0_201.jdk/Contents/Home/jre/lib/resources.jar:/Library/Java/JavaVirtualMachines/jdk1.8.0_201.jdk/Contents/Home/jre/lib/rt.jar:/Library/Java/JavaVirtualMachines/jdk1.8.0_201.jdk/Contents/Home/jre/lib/sunrsasign.jar:/Library/Java/JavaVirtualMachines/jdk1.8.0_201.jdk/Contents/Home/jre/lib/jsse.jar:/Library/Java/JavaVirtualMachines/jdk1.8.0_201.jdk/Contents/Home/jre/lib/jce.jar:/Library/Java/JavaVirtualMachines/jdk1.8.0_201.jdk/Contents/Home/jre/lib/charsets.jar:/Library/Java/JavaVirtualMachines/jdk1.8.0_201.jdk/Contents/Home/jre/lib/jfr.jar:/Library/Java/JavaVirtualMachines/jdk1.8.0_201.jdk/Contents/Home/jre/classes"/>
    <property name="sun.management.compiler" value="HotSpot 64-Bit Tiered Compilers"/>
    <property name="ftp.nonProxyHosts" value="local|*.local|169.254/16|*.169.254/16"/>
    <property name="java.runtime.version" value="1.8.0_201-b09"/>
    <property name="user.name" value="kumarbekchaldanbaev"/>
    <property name="path.separator" value=":"/>
    <property name="os.version" value="10.14.6"/>
    <property name="java.endorsed.dirs" value="/Library/Java/JavaVirtualMachines/jdk1.8.0_201.jdk/Contents/Home/jre/lib/endorsed"/>
    <property name="java.runtime.name" value="Java(TM) SE Runtime Environment"/>
    <property name="file.encoding" value="UTF-8"/>
    <property name="java.vm.name" value="Java HotSpot(TM) 64-Bit Server VM"/>
    <property name="localRepository" value="/Users/kumarbekchaldanbaev/.m2/repository"/>
    <property name="java.vendor.url.bug" value="http://bugreport.sun.com/bugreport/"/>
    <property name="java.io.tmpdir" value="/var/folders/ml/8xtv9b45649d24yspgppb3900000gn/T/"/>
    <property name="java.version" value="1.8.0_201"/>
    <property name="user.dir" value="/Users/kumarbekchaldanbaev/Downloads/vending-machine"/>
    <property name="os.arch" value="x86_64"/>
    <property name="java.vm.specification.name" value="Java Virtual Machine Specification"/>
    <property name="java.awt.printerjob" value="sun.lwawt.macosx.CPrinterJob"/>
    <property name="sun.os.patch.level" value="unknown"/>
    <property name="java.library.path" value="/Users/kumarbekchaldanbaev/Library/Java/Extensions:/Library/Java/Extensions:/Network/Library/Java/Extensions:/System/Library/Java/Extensions:/usr/lib/java:."/>
    <property name="java.vm.info" value="mixed mode"/>
    <property name="java.vendor" value="Oracle Corporation"/>
    <property name="java.vm.version" value="25.201-b09"/>
    <property name="java.ext.dirs" value="/Users/kumarbekchaldanbaev/Library/Java/Extensions:/Library/Java/JavaVirtualMachines/jdk1.8.0_201.jdk/Contents/Home/jre/lib/ext:/Library/Java/Extensions:/Network/Library/Java/Extensions:/System/Library/Java/Extensions:/usr/lib/java"/>
    <property name="sun.io.unicode.encoding" value="UnicodeBig"/>
    <property name="java.class.version" value="52.0"/>
    <property name="socksNonProxyHosts" value="local|*.local|169.254/16|*.169.254/16"/>
  </properties>
  <testcase name="isVMisLoaded" classname="VendingMachineTest" time="0"/>
  <testcase name="testAdd" classname="VendingMachineTest" time="0"/>
  <testcase name="testPut" classname="VendingMachineTest" time="0"/>
  <testcase name="testGetItemByName" classname="VendingMachineTest" time="0"/>
  <testcase name="testClearInventory" classname="VendingMachineTest" time="0"/>
  <testcase name="testHasItemByName" classname="VendingMachineTest" time="0"/>
  <testcase name="testGetQuantity" classname="VendingMachineTest" time="0"/>
  <testcase name="testInsertCoin" classname="VendingMachineTest" time="0"/>
  <testcase name="testCollectItemAndChange" classname="VendingMachineTest" time="0"/>
  <testcase name="testDeduct" classname="VendingMachineTest" time="0"/>
  <testcase name="testSelectItemAndGetPrice" classname="VendingMachineTest" time="0"/>
  <testcase name="testRefund" classname="VendingMachineTest" time="0"/>
</testsuite>